[
  {
    "line": 1,
    "elements": [
      {
        "before": [
          {
            "result": {
              "duration": 4139831747,
              "error_message": "org.openqa.selenium.WebDriverException: invalid argument: can\u0027t kill an exited process\nBuild info: version: \u00273.6.0\u0027, revision: \u00276fbf3ec767\u0027, time: \u00272017-09-27T15:28:36.4Z\u0027\nSystem info: host: \u0027Roberts-MacBook-Pro.local\u0027, ip: \u0027fe80:0:0:0:187e:f0ec:140b:baa4%en0\u0027, os.name: \u0027Mac OS X\u0027, os.arch: \u0027x86_64\u0027, os.version: \u002710.15.7\u0027, java.version: \u002712.0.2\u0027\nDriver info: driver.version: FirefoxDriver\nremote stacktrace: \n\tat java.base/jdk.internal.reflect.NativeConstructorAccessorImpl.newInstance0(Native Method)\n\tat java.base/jdk.internal.reflect.NativeConstructorAccessorImpl.newInstance(NativeConstructorAccessorImpl.java:62)\n\tat java.base/jdk.internal.reflect.DelegatingConstructorAccessorImpl.newInstance(DelegatingConstructorAccessorImpl.java:45)\n\tat java.base/java.lang.reflect.Constructor.newInstanceWithCaller(Constructor.java:500)\n\tat java.base/java.lang.reflect.Constructor.newInstance(Constructor.java:481)\n\tat org.openqa.selenium.remote.W3CHandshakeResponse.lambda$new$0(W3CHandshakeResponse.java:57)\n\tat org.openqa.selenium.remote.W3CHandshakeResponse.lambda$getResponseFunction$2(W3CHandshakeResponse.java:104)\n\tat org.openqa.selenium.remote.ProtocolHandshake.lambda$createSession$24(ProtocolHandshake.java:359)\n\tat java.base/java.util.stream.ReferencePipeline$3$1.accept(ReferencePipeline.java:195)\n\tat java.base/java.util.Spliterators$ArraySpliterator.tryAdvance(Spliterators.java:958)\n\tat java.base/java.util.stream.ReferencePipeline.forEachWithCancel(ReferencePipeline.java:127)\n\tat java.base/java.util.stream.AbstractPipeline.copyIntoWithCancel(AbstractPipeline.java:502)\n\tat java.base/java.util.stream.AbstractPipeline.copyInto(AbstractPipeline.java:488)\n\tat java.base/java.util.stream.AbstractPipeline.wrapAndCopyInto(AbstractPipeline.java:474)\n\tat java.base/java.util.stream.FindOps$FindOp.evaluateSequential(FindOps.java:150)\n\tat java.base/java.util.stream.AbstractPipeline.evaluate(AbstractPipeline.java:234)\n\tat java.base/java.util.stream.ReferencePipeline.findFirst(ReferencePipeline.java:543)\n\tat org.openqa.selenium.remote.ProtocolHandshake.createSession(ProtocolHandshake.java:362)\n\tat org.openqa.selenium.remote.ProtocolHandshake.createSession(ProtocolHandshake.java:136)\n\tat org.openqa.selenium.remote.HttpCommandExecutor.execute(HttpCommandExecutor.java:142)\n\tat org.openqa.selenium.remote.service.DriverCommandExecutor.execute(DriverCommandExecutor.java:83)\n\tat org.openqa.selenium.remote.RemoteWebDriver.execute(RemoteWebDriver.java:586)\n\tat org.openqa.selenium.remote.RemoteWebDriver.startSession(RemoteWebDriver.java:217)\n\tat org.openqa.selenium.remote.RemoteWebDriver.\u003cinit\u003e(RemoteWebDriver.java:140)\n\tat org.openqa.selenium.firefox.FirefoxDriver.\u003cinit\u003e(FirefoxDriver.java:120)\n\tat org.openqa.selenium.firefox.FirefoxDriver.\u003cinit\u003e(FirefoxDriver.java:98)\n\tat Steps.Hook.InitializeTest(Hook.java:27)\n\tat java.base/jdk.internal.reflect.NativeMethodAccessorImpl.invoke0(Native Method)\n\tat java.base/jdk.internal.reflect.NativeMethodAccessorImpl.invoke(NativeMethodAccessorImpl.java:62)\n\tat java.base/jdk.internal.reflect.DelegatingMethodAccessorImpl.invoke(DelegatingMethodAccessorImpl.java:43)\n\tat java.base/java.lang.reflect.Method.invoke(Method.java:567)\n\tat cucumber.runtime.Utils$1.call(Utils.java:40)\n\tat cucumber.runtime.Timeout.timeout(Timeout.java:16)\n\tat cucumber.runtime.Utils.invoke(Utils.java:34)\n\tat cucumber.runtime.java.JavaHookDefinition.execute(JavaHookDefinition.java:60)\n\tat cucumber.runtime.Runtime.runHookIfTagsMatch(Runtime.java:224)\n\tat cucumber.runtime.Runtime.runHooks(Runtime.java:212)\n\tat cucumber.runtime.Runtime.runBeforeHooks(Runtime.java:202)\n\tat cucumber.runtime.model.CucumberScenario.run(CucumberScenario.java:40)\n\tat cucumber.runtime.model.CucumberFeature.run(CucumberFeature.java:165)\n\tat cucumber.api.testng.TestNGCucumberRunner.runCucumber(TestNGCucumberRunner.java:63)\n\tat cucumber.api.testng.AbstractTestNGCucumberTests.feature(AbstractTestNGCucumberTests.java:21)\n\tat java.base/jdk.internal.reflect.NativeMethodAccessorImpl.invoke0(Native Method)\n\tat java.base/jdk.internal.reflect.NativeMethodAccessorImpl.invoke(NativeMethodAccessorImpl.java:62)\n\tat java.base/jdk.internal.reflect.DelegatingMethodAccessorImpl.invoke(DelegatingMethodAccessorImpl.java:43)\n\tat java.base/java.lang.reflect.Method.invoke(Method.java:567)\n\tat org.testng.internal.MethodInvocationHelper.invokeMethod(MethodInvocationHelper.java:80)\n\tat org.testng.internal.Invoker.invokeMethod(Invoker.java:714)\n\tat org.testng.internal.Invoker.invokeTestMethod(Invoker.java:901)\n\tat org.testng.internal.Invoker.invokeTestMethods(Invoker.java:1231)\n\tat org.testng.internal.TestMethodWorker.invokeTestMethods(TestMethodWorker.java:127)\n\tat org.testng.internal.TestMethodWorker.run(TestMethodWorker.java:111)\n\tat org.testng.TestRunner.privateRun(TestRunner.java:767)\n\tat org.testng.TestRunner.run(TestRunner.java:617)\n\tat org.testng.SuiteRunner.runTest(SuiteRunner.java:334)\n\tat org.testng.SuiteRunner.runSequentially(SuiteRunner.java:329)\n\tat org.testng.SuiteRunner.privateRun(SuiteRunner.java:291)\n\tat org.testng.SuiteRunner.run(SuiteRunner.java:240)\n\tat org.testng.SuiteRunnerWorker.runSuite(SuiteRunnerWorker.java:52)\n\tat org.testng.SuiteRunnerWorker.run(SuiteRunnerWorker.java:86)\n\tat org.testng.TestNG.runSuitesSequentially(TestNG.java:1198)\n\tat org.testng.TestNG.runSuitesLocally(TestNG.java:1123)\n\tat org.testng.TestNG.run(TestNG.java:1031)\n\tat org.apache.maven.surefire.testng.TestNGExecutor.run(TestNGExecutor.java:135)\n\tat org.apache.maven.surefire.testng.TestNGDirectoryTestSuite.executeSingleClass(TestNGDirectoryTestSuite.java:112)\n\tat org.apache.maven.surefire.testng.TestNGDirectoryTestSuite.execute(TestNGDirectoryTestSuite.java:99)\n\tat org.apache.maven.surefire.testng.TestNGProvider.invoke(TestNGProvider.java:146)\n\tat org.apache.maven.surefire.booter.ForkedBooter.invokeProviderInSameClassLoader(ForkedBooter.java:384)\n\tat org.apache.maven.surefire.booter.ForkedBooter.runSuitesInProcess(ForkedBooter.java:345)\n\tat org.apache.maven.surefire.booter.ForkedBooter.execute(ForkedBooter.java:126)\n\tat org.apache.maven.surefire.booter.ForkedBooter.main(ForkedBooter.java:418)\n",
              "status": "failed"
            },
            "match": {
              "location": "Hook.InitializeTest(Scenario)"
            }
          }
        ],
        "line": 4,
        "name": "Login with correct username and password",
        "description": "",
        "id": "loginfeature;login-with-correct-username-and-password",
        "after": [
          {
            "result": {
              "duration": 163184,
              "error_message": "java.lang.NullPointerException\n\tat Steps.Hook.TearDownTest(Hook.java:38)\n\tat java.base/jdk.internal.reflect.NativeMethodAccessorImpl.invoke0(Native Method)\n\tat java.base/jdk.internal.reflect.NativeMethodAccessorImpl.invoke(NativeMethodAccessorImpl.java:62)\n\tat java.base/jdk.internal.reflect.DelegatingMethodAccessorImpl.invoke(DelegatingMethodAccessorImpl.java:43)\n\tat java.base/java.lang.reflect.Method.invoke(Method.java:567)\n\tat cucumber.runtime.Utils$1.call(Utils.java:40)\n\tat cucumber.runtime.Timeout.timeout(Timeout.java:16)\n\tat cucumber.runtime.Utils.invoke(Utils.java:34)\n\tat cucumber.runtime.java.JavaHookDefinition.execute(JavaHookDefinition.java:60)\n\tat cucumber.runtime.Runtime.runHookIfTagsMatch(Runtime.java:224)\n\tat cucumber.runtime.Runtime.runHooks(Runtime.java:212)\n\tat cucumber.runtime.Runtime.runAfterHooks(Runtime.java:206)\n\tat cucumber.runtime.model.CucumberScenario.run(CucumberScenario.java:46)\n\tat cucumber.runtime.model.CucumberFeature.run(CucumberFeature.java:165)\n\tat cucumber.api.testng.TestNGCucumberRunner.runCucumber(TestNGCucumberRunner.java:63)\n\tat cucumber.api.testng.AbstractTestNGCucumberTests.feature(AbstractTestNGCucumberTests.java:21)\n\tat java.base/jdk.internal.reflect.NativeMethodAccessorImpl.invoke0(Native Method)\n\tat java.base/jdk.internal.reflect.NativeMethodAccessorImpl.invoke(NativeMethodAccessorImpl.java:62)\n\tat java.base/jdk.internal.reflect.DelegatingMethodAccessorImpl.invoke(DelegatingMethodAccessorImpl.java:43)\n\tat java.base/java.lang.reflect.Method.invoke(Method.java:567)\n\tat org.testng.internal.MethodInvocationHelper.invokeMethod(MethodInvocationHelper.java:80)\n\tat org.testng.internal.Invoker.invokeMethod(Invoker.java:714)\n\tat org.testng.internal.Invoker.invokeTestMethod(Invoker.java:901)\n\tat org.testng.internal.Invoker.invokeTestMethods(Invoker.java:1231)\n\tat org.testng.internal.TestMethodWorker.invokeTestMethods(TestMethodWorker.java:127)\n\tat org.testng.internal.TestMethodWorker.run(TestMethodWorker.java:111)\n\tat org.testng.TestRunner.privateRun(TestRunner.java:767)\n\tat org.testng.TestRunner.run(TestRunner.java:617)\n\tat org.testng.SuiteRunner.runTest(SuiteRunner.java:334)\n\tat org.testng.SuiteRunner.runSequentially(SuiteRunner.java:329)\n\tat org.testng.SuiteRunner.privateRun(SuiteRunner.java:291)\n\tat org.testng.SuiteRunner.run(SuiteRunner.java:240)\n\tat org.testng.SuiteRunnerWorker.runSuite(SuiteRunnerWorker.java:52)\n\tat org.testng.SuiteRunnerWorker.run(SuiteRunnerWorker.java:86)\n\tat org.testng.TestNG.runSuitesSequentially(TestNG.java:1198)\n\tat org.testng.TestNG.runSuitesLocally(TestNG.java:1123)\n\tat org.testng.TestNG.run(TestNG.java:1031)\n\tat org.apache.maven.surefire.testng.TestNGExecutor.run(TestNGExecutor.java:135)\n\tat org.apache.maven.surefire.testng.TestNGDirectoryTestSuite.executeSingleClass(TestNGDirectoryTestSuite.java:112)\n\tat org.apache.maven.surefire.testng.TestNGDirectoryTestSuite.execute(TestNGDirectoryTestSuite.java:99)\n\tat org.apache.maven.surefire.testng.TestNGProvider.invoke(TestNGProvider.java:146)\n\tat org.apache.maven.surefire.booter.ForkedBooter.invokeProviderInSameClassLoader(ForkedBooter.java:384)\n\tat org.apache.maven.surefire.booter.ForkedBooter.runSuitesInProcess(ForkedBooter.java:345)\n\tat org.apache.maven.surefire.booter.ForkedBooter.execute(ForkedBooter.java:126)\n\tat org.apache.maven.surefire.booter.ForkedBooter.main(ForkedBooter.java:418)\n",
              "status": "failed"
            },
            "match": {
              "location": "Hook.TearDownTest(Scenario)"
            }
          }
        ],
        "type": "scenario",
        "keyword": "Scenario",
        "steps": [
          {
            "result": {
              "status": "skipped"
            },
            "line": 5,
            "name": "I navigate to the login page",
            "match": {
              "location": "LoginStep.iNavigateToTheLoginPage()"
            },
            "keyword": "Given "
          },
          {
            "result": {
              "status": "skipped"
            },
            "line": 6,
            "name": "I enter the users email address as Email:testuser",
            "match": {
              "arguments": [
                {
                  "val": "testuser",
                  "offset": 41
                }
              ],
              "location": "LoginStep.iEnterTheUsersEmailAddressAsEmailAdmin(String)"
            },
            "keyword": "And "
          },
          {
            "result": {
              "status": "skipped"
            },
            "line": 7,
            "name": "I verify the count of my salary digits for NOK 1000",
            "match": {
              "arguments": [
                {
                  "val": "1000",
                  "offset": 47
                }
              ],
              "location": "LoginStep.iVerifyTheCountOfMySaleryDigitsForNOK(int)"
            },
            "keyword": "And "
          },
          {
            "result": {
              "status": "skipped"
            },
            "line": 8,
            "name": "I enter the following for Login",
            "match": {
              "location": "LoginStep.iEnterTheFollowingForLogin(DataTable)"
            },
            "rows": [
              {
                "cells": [
                  "username",
                  "password"
                ],
                "line": 9
              },
              {
                "cells": [
                  "testuser",
                  "userpass"
                ],
                "line": 10
              }
            ],
            "keyword": "And "
          },
          {
            "result": {
              "status": "skipped"
            },
            "line": 11,
            "name": "I click login button",
            "match": {
              "location": "LoginStep.iClickLoginButton()"
            },
            "keyword": "And "
          },
          {
            "result": {
              "status": "skipped"
            },
            "line": 12,
            "name": "I should see the user form page",
            "match": {
              "location": "LoginStep.iShouldSeeTheUserFormPage()"
            },
            "keyword": "Then "
          }
        ]
      },
      {
        "before": [
          {
            "result": {
              "duration": 4057549803,
              "status": "passed"
            },
            "match": {
              "location": "Hook.InitializeTest(Scenario)"
            }
          }
        ],
        "line": 15,
        "name": "Login with correct username and password",
        "description": "",
        "id": "loginfeature;login-with-correct-username-and-password",
        "after": [
          {
            "result": {
              "duration": 58191,
              "status": "passed"
            },
            "match": {
              "location": "Hook.TearDownTest(Scenario)"
            }
          }
        ],
        "type": "scenario",
        "keyword": "Scenario",
        "steps": [
          {
            "result": {
              "duration": 2091752040,
              "status": "passed"
            },
            "line": 16,
            "name": "I navigate to the login page",
            "match": {
              "location": "LoginStep.iNavigateToTheLoginPage()"
            },
            "keyword": "Given "
          },
          {
            "result": {
              "duration": 87587441,
              "status": "passed"
            },
            "line": 17,
            "name": "I enter the following for Login",
            "match": {
              "location": "LoginStep.iEnterTheFollowingForLogin(DataTable)"
            },
            "rows": [
              {
                "cells": [
                  "username",
                  "password"
                ],
                "line": 18
              },
              {
                "cells": [
                  "admin",
                  "adminpass"
                ],
                "line": 19
              }
            ],
            "keyword": "And "
          },
          {
            "result": {
              "duration": 2026433566,
              "status": "passed"
            },
            "line": 20,
            "name": "I click login button",
            "match": {
              "location": "LoginStep.iClickLoginButton()"
            },
            "keyword": "And "
          },
          {
            "result": {
              "duration": 489016565,
              "status": "passed"
            },
            "line": 21,
            "name": "I should see the user form page",
            "match": {
              "location": "LoginStep.iShouldSeeTheUserFormPage()"
            },
            "keyword": "Then "
          }
        ]
      },
      {
        "before": [
          {
            "result": {
              "duration": 2092742885,
              "status": "passed"
            },
            "match": {
              "location": "Hook.InitializeTest(Scenario)"
            }
          }
        ],
        "line": 30,
        "name": "Login with correct username and password using Scenario outline",
        "description": "",
        "id": "loginfeature;login-with-correct-username-and-password-using-scenario-outline;;2",
        "after": [
          {
            "result": {
              "duration": 40606,
              "status": "passed"
            },
            "match": {
              "location": "Hook.TearDownTest(Scenario)"
            }
          }
        ],
        "type": "scenario",
        "keyword": "Scenario Outline",
        "steps": [
          {
            "result": {
              "duration": 1474360590,
              "status": "passed"
            },
            "line": 24,
            "name": "I navigate to the login page",
            "match": {
              "location": "LoginStep.iNavigateToTheLoginPage()"
            },
            "keyword": "Given "
          },
          {
            "result": {
              "duration": 240405,
              "status": "passed"
            },
            "line": 25,
            "name": "I enter execute and automation",
            "match": {
              "arguments": [
                {
                  "val": "execute",
                  "offset": 8
                },
                {
                  "val": "automation",
                  "offset": 20
                }
              ],
              "location": "LoginStep.iEnterUsernameAndPassword(String,String)"
            },
            "matchedColumns": [
              0,
              1
            ],
            "keyword": "And "
          },
          {
            "result": {
              "duration": 2048199001,
              "status": "passed"
            },
            "line": 26,
            "name": "I click login button",
            "match": {
              "location": "LoginStep.iClickLoginButton()"
            },
            "keyword": "And "
          },
          {
            "result": {
              "duration": 384712912,
              "status": "passed"
            },
            "line": 27,
            "name": "I should see the user form page",
            "match": {
              "location": "LoginStep.iShouldSeeTheUserFormPage()"
            },
            "keyword": "Then "
          }
        ]
      },
      {
        "before": [
          {
            "result": {
              "duration": 2195448466,
              "status": "passed"
            },
            "match": {
              "location": "Hook.InitializeTest(Scenario)"
            }
          }
        ],
        "line": 31,
        "name": "Login with correct username and password using Scenario outline",
        "description": "",
        "id": "loginfeature;login-with-correct-username-and-password-using-scenario-outline;;3",
        "after": [
          {
            "result": {
              "duration": 53242,
              "status": "passed"
            },
            "match": {
              "location": "Hook.TearDownTest(Scenario)"
            }
          }
        ],
        "type": "scenario",
        "keyword": "Scenario Outline",
        "steps": [
          {
            "result": {
              "duration": 1419081511,
              "status": "passed"
            },
            "line": 24,
            "name": "I navigate to the login page",
            "match": {
              "location": "LoginStep.iNavigateToTheLoginPage()"
            },
            "keyword": "Given "
          },
          {
            "result": {
              "duration": 137789,
              "status": "passed"
            },
            "line": 25,
            "name": "I enter qa and testing",
            "match": {
              "arguments": [
                {
                  "val": "qa",
                  "offset": 8
                },
                {
                  "val": "testing",
                  "offset": 15
                }
              ],
              "location": "LoginStep.iEnterUsernameAndPassword(String,String)"
            },
            "matchedColumns": [
              0,
              1
            ],
            "keyword": "And "
          },
          {
            "result": {
              "duration": 2045640565,
              "status": "passed"
            },
            "line": 26,
            "name": "I click login button",
            "match": {
              "location": "LoginStep.iClickLoginButton()"
            },
            "keyword": "And "
          },
          {
            "result": {
              "duration": 391202999,
              "status": "passed"
            },
            "line": 27,
            "name": "I should see the user form page",
            "match": {
              "location": "LoginStep.iShouldSeeTheUserFormPage()"
            },
            "keyword": "Then "
          }
        ]
      },
      {
        "before": [
          {
            "result": {
              "duration": 1991271605,
              "status": "passed"
            },
            "match": {
              "location": "Hook.InitializeTest(Scenario)"
            }
          }
        ],
        "line": 33,
        "name": "Make a test fail - Missing URL",
        "description": "",
        "id": "loginfeature;make-a-test-fail---missing-url",
        "after": [
          {
            "result": {
              "duration": 377280334,
              "status": "passed"
            },
            "match": {
              "location": "Hook.TearDownTest(Scenario)"
            }
          }
        ],
        "type": "scenario",
        "keyword": "Scenario",
        "steps": [
          {
            "result": {
              "duration": 6649816,
              "error_message": "org.openqa.selenium.InvalidArgumentException: Malformed URL: URL constructor:  is not a valid URL.\nBuild info: version: \u00273.6.0\u0027, revision: \u00276fbf3ec767\u0027, time: \u00272017-09-27T15:28:36.4Z\u0027\nSystem info: host: \u0027Roberts-MacBook-Pro.local\u0027, ip: \u0027fe80:0:0:0:187e:f0ec:140b:baa4%en0\u0027, os.name: \u0027Mac OS X\u0027, os.arch: \u0027x86_64\u0027, os.version: \u002710.15.7\u0027, java.version: \u002712.0.2\u0027\nDriver info: org.openqa.selenium.firefox.FirefoxDriver\nCapabilities [{moz:profile\u003d/var/folders/8w/wmyqw23s17b4_633nl0qkzvc0000gn/T/rust_mozprofile7bdeH1, rotatable\u003dfalse, moz:geckodriverVersion\u003d0.27.0, timeouts\u003d{implicit\u003d0, pageLoad\u003d300000, script\u003d30000}, pageLoadStrategy\u003dnormal, unhandledPromptBehavior\u003ddismiss and notify, strictFileInteractability\u003dfalse, moz:headless\u003dfalse, platform\u003dMAC, moz:accessibilityChecks\u003dfalse, moz:useNonSpecCompliantPointerOrigin\u003dfalse, acceptInsecureCerts\u003dtrue, browserVersion\u003d81.0.2, moz:shutdownTimeout\u003d60000, platformVersion\u003d19.6.0, moz:processID\u003d35770, browserName\u003dfirefox, moz:buildID\u003d20201012085804, javascriptEnabled\u003dtrue, platformName\u003dMAC, setWindowRect\u003dtrue, moz:webdriverClick\u003dtrue}]\nSession ID: 6e7bda58-e248-1a4b-8bcf-a5cd498bf7ed\n\tat java.base/jdk.internal.reflect.NativeConstructorAccessorImpl.newInstance0(Native Method)\n\tat java.base/jdk.internal.reflect.NativeConstructorAccessorImpl.newInstance(NativeConstructorAccessorImpl.java:62)\n\tat java.base/jdk.internal.reflect.DelegatingConstructorAccessorImpl.newInstance(DelegatingConstructorAccessorImpl.java:45)\n\tat java.base/java.lang.reflect.Constructor.newInstanceWithCaller(Constructor.java:500)\n\tat java.base/java.lang.reflect.Constructor.newInstance(Constructor.java:481)\n\tat org.openqa.selenium.remote.http.W3CHttpResponseCodec.createException(W3CHttpResponseCodec.java:185)\n\tat org.openqa.selenium.remote.http.W3CHttpResponseCodec.decode(W3CHttpResponseCodec.java:120)\n\tat org.openqa.selenium.remote.http.W3CHttpResponseCodec.decode(W3CHttpResponseCodec.java:49)\n\tat org.openqa.selenium.remote.HttpCommandExecutor.execute(HttpCommandExecutor.java:164)\n\tat org.openqa.selenium.remote.service.DriverCommandExecutor.execute(DriverCommandExecutor.java:83)\n\tat org.openqa.selenium.remote.RemoteWebDriver.execute(RemoteWebDriver.java:586)\n\tat org.openqa.selenium.remote.RemoteWebDriver.get(RemoteWebDriver.java:310)\n\tat Steps.LoginStep.iNavigateToLogInPageAndItDoNotRespond(LoginStep.java:95)\n\tat âœ½.Given I navigate to log in page and it do not respond(Login.feature:34)\n",
              "status": "failed"
            },
            "line": 34,
            "name": "I navigate to log in page and it do not respond",
            "match": {
              "location": "LoginStep.iNavigateToLogInPageAndItDoNotRespond()"
            },
            "keyword": "Given "
          },
          {
            "result": {
              "status": "skipped"
            },
            "line": 35,
            "name": "I enter the following for Login",
            "match": {
              "location": "LoginStep.iEnterTheFollowingForLogin(DataTable)"
            },
            "rows": [
              {
                "cells": [
                  "username",
                  "password"
                ],
                "line": 36
              },
              {
                "cells": [
                  "admin",
                  "adminpass"
                ],
                "line": 37
              }
            ],
            "keyword": "And "
          },
          {
            "result": {
              "status": "skipped"
            },
            "line": 38,
            "name": "I click login button",
            "match": {
              "location": "LoginStep.iClickLoginButton()"
            },
            "keyword": "And "
          },
          {
            "result": {
              "status": "skipped"
            },
            "line": 39,
            "name": "I should see the user form page",
            "match": {
              "location": "LoginStep.iShouldSeeTheUserFormPage()"
            },
            "keyword": "Then "
          }
        ]
      }
    ],
    "name": "LoginFeature",
    "description": "This feature deals with the login functionality of the application",
    "id": "loginfeature",
    "keyword": "Feature",
    "uri": "Login.feature"
  }
]